<html>
<body>
<pre>
<h1>µVision Build Log</h1>
<h2>Tool Versions:</h2>
IDE-Version: ¦ÌVision V5.25.3.0
Copyright (C) 2018 ARM Ltd and ARM Germany GmbH. All rights reserved.
License Information: zephyr zephyr, zephyr, LIC=IK93N-YH8WJ-67ART-RBBTE-VHYEQ-ST80U
 
Tool Versions:
Toolchain:       PK251 Prof. Developers Kit  Version: 5.60.0.0
Toolchain Path:  D:\Software\Keil5\c251v560\C251\BIN
C Compiler:      C251.exe V5.60.0.0
Assembler:       A251.exe V4.69.13.0
Linker/Locator:  L251.exe V4.66.93.0
Library Manager: LIB251.exe V4.30.1.0
Hex Converter:   OH251.exe V1.47.0.0
CPU DLL:         S251.DLL V3.129.0.0
Dialog DLL:      DCORE51.DLL V2.81.6.0
Target DLL:      MON251.DLL V2.51.0.0
Dialog DLL:      TCORE51.DLL V2.66.4.0
 
<h2>Project:</h2>
D:\Working\cursor\car1.0\MDK\SEEKFREE.uvproj
Project File Date:  03/29/2025

<h2>Output:</h2>
Rebuild target 'STC32G12K128'
compiling isr.c...
compiling main.c...
compiling electromagnetic_tracking.c...
..\USER\src\electromagnetic_tracking.c(48): error C25: syntax error near 'uint8'
..\USER\src\electromagnetic_tracking.c(49): error C25: syntax error near 'for'
..\USER\src\electromagnetic_tracking.c(49): error C25: syntax error near '='
..\USER\src\electromagnetic_tracking.c(49): error C25: syntax error near '<'
..\USER\src\electromagnetic_tracking.c(49): error C25: syntax error near '++'
..\USER\src\electromagnetic_tracking.c(51): error C25: syntax error near '='
..\USER\src\electromagnetic_tracking.c(51): error C25: syntax error near '<'
..\USER\src\electromagnetic_tracking.c(51): error C25: syntax error near '++'
..\USER\src\electromagnetic_tracking.c(53): error C109: illegal constant expression
..\USER\src\electromagnetic_tracking.c(53): error C109: illegal constant expression
..\USER\src\electromagnetic_tracking.c(53): error C144: 'array': initialization needs curly braces
..\USER\src\electromagnetic_tracking.c(54): error C109: illegal constant expression
..\USER\src\electromagnetic_tracking.c(54): error C109: illegal constant expression
..\USER\src\electromagnetic_tracking.c(54): error C144: 'array': initialization needs curly braces
..\USER\src\electromagnetic_tracking.c(55): error C109: illegal constant expression
..\USER\src\electromagnetic_tracking.c(55): error C109: illegal constant expression
..\USER\src\electromagnetic_tracking.c(55): error C53: redefinition of 'adc_fliter_data'
..\USER\src\electromagnetic_tracking.c(55): error C144: 'array': initialization needs curly braces
..\USER\src\electromagnetic_tracking.c(56): error C25: syntax error near '}'
..\USER\src\electromagnetic_tracking.c(94): error C53: redefinition of 'j'
..\USER\src\electromagnetic_tracking.c(106): error C72: sizeof returns zero
..\USER\src\electromagnetic_tracking.c(114): error C72: sizeof returns zero
..\USER\src\electromagnetic_tracking.c(122): error C72: sizeof returns zero
..\USER\src\electromagnetic_tracking.c(122): error C72: sizeof returns zero
..\USER\src\electromagnetic_tracking.c(123): error C72: sizeof returns zero
..\USER\src\electromagnetic_tracking.c(133): error C72: sizeof returns zero
..\USER\src\electromagnetic_tracking.c(133): error C72: sizeof returns zero
..\USER\src\electromagnetic_tracking.c(134): error C72: sizeof returns zero
..\USER\src\electromagnetic_tracking.c(135): error C72: sizeof returns zero
..\USER\src\electromagnetic_tracking.c(135): error C72: sizeof returns zero
..\USER\src\electromagnetic_tracking.c(136): error C72: sizeof returns zero
..\USER\src\electromagnetic_tracking.c(166): error C72: sizeof returns zero
..\USER\src\electromagnetic_tracking.c(166): error C72: sizeof returns zero
..\USER\src\electromagnetic_tracking.c(167): error C72: sizeof returns zero
..\USER\src\electromagnetic_tracking.c(184): error C72: sizeof returns zero
..\USER\src\electromagnetic_tracking.c(184): error C72: sizeof returns zero
..\USER\src\electromagnetic_tracking.c(194): error C109: illegal constant expression
..\USER\src\electromagnetic_tracking.c(194): error C122: 'sort_array': unknown size
..\USER\src\electromagnetic_tracking.c(197): error C72: sizeof returns zero
..\USER\src\electromagnetic_tracking.c(201): error C25: syntax error near 'uint16'
..\USER\src\electromagnetic_tracking.c(228): error C72: sizeof returns zero
..\USER\src\electromagnetic_tracking.c(228): error C72: sizeof returns zero
..\USER\src\electromagnetic_tracking.c(228): warning C173: '<': signed/unsigned type mismatch
..\USER\src\electromagnetic_tracking.c(228): error C72: sizeof returns zero
..\USER\src\electromagnetic_tracking.c(229): error C72: sizeof returns zero
..\USER\src\electromagnetic_tracking.c(229): error C72: sizeof returns zero
..\USER\src\electromagnetic_tracking.c(229): warning C173: '<': signed/unsigned type mismatch
..\USER\src\electromagnetic_tracking.c(229): error C72: sizeof returns zero
..\USER\src\electromagnetic_tracking.c(230): error C72: sizeof returns zero
..\USER\src\electromagnetic_tracking.c(230): error C72: sizeof returns zero
..\USER\src\electromagnetic_tracking.c(230): warning C173: '<': signed/unsigned type mismatch
..\USER\src\electromagnetic_tracking.c(230): error C72: sizeof returns zero
..\USER\src\electromagnetic_tracking.c(231): error C72: sizeof returns zero
..\USER\src\electromagnetic_tracking.c(231): error C72: sizeof returns zero
..\USER\src\electromagnetic_tracking.c(231): warning C173: '<': signed/unsigned type mismatch
..\USER\src\electromagnetic_tracking.c(231): error C72: sizeof returns zero
..\USER\src\electromagnetic_tracking.c(234): error C72: sizeof returns zero
..\USER\src\electromagnetic_tracking.c(234): warning C173: '>': signed/unsigned type mismatch
..\USER\src\electromagnetic_tracking.c(234): error C72: sizeof returns zero
..\USER\src\electromagnetic_tracking.c(235): error C72: sizeof returns zero
..\USER\src\electromagnetic_tracking.c(235): warning C173: '>': signed/unsigned type mismatch
..\USER\src\electromagnetic_tracking.c(235): error C72: sizeof returns zero
..\USER\src\electromagnetic_tracking.c(236): error C72: sizeof returns zero
..\USER\src\electromagnetic_tracking.c(236): warning C173: '>': signed/unsigned type mismatch
..\USER\src\electromagnetic_tracking.c(236): error C72: sizeof returns zero
..\USER\src\electromagnetic_tracking.c(237): error C72: sizeof returns zero
..\USER\src\electromagnetic_tracking.c(237): warning C173: '>': signed/unsigned type mismatch
..\USER\src\electromagnetic_tracking.c(237): error C72: sizeof returns zero
..\USER\src\electromagnetic_tracking.c(246): error C72: sizeof returns zero
..\USER\src\electromagnetic_tracking.c(251): error C72: sizeof returns zero
..\USER\src\electromagnetic_tracking.c(256): error C72: sizeof returns zero
..\USER\src\electromagnetic_tracking.c(261): error C72: sizeof returns zero
..\USER\src\electromagnetic_tracking.c(354): error C72: sizeof returns zero
..\USER\src\electromagnetic_tracking.c(354): error C72: sizeof returns zero
..\USER\src\electromagnetic_tracking.c(354): error C72: sizeof returns zero
..\USER\src\electromagnetic_tracking.c(354): error C72: sizeof returns zero
..\USER\src\electromagnetic_tracking.c(405): warning C122: '[]': unknown size
..\USER\src\electromagnetic_tracking.c(405): error C72: sizeof returns zero
..\USER\src\electromagnetic_tracking.c(410): warning C122: '[]': unknown size
..\USER\src\electromagnetic_tracking.c(410): error C72: sizeof returns zero
..\USER\src\electromagnetic_tracking.c(415): warning C122: '[]': unknown size
..\USER\src\electromagnetic_tracking.c(415): error C72: sizeof returns zero
..\USER\src\electromagnetic_tracking.c(420): warning C122: '[]': unknown size
..\USER\src\electromagnetic_tracking.c(420): error C72: sizeof returns zero
compiling encoder.c...
compiling filter.c...
compiling motor.c...
compiling pid.c...
compiling board.c...
compiling common.c...
compiling zf_adc.c...
compiling zf_delay.c...
compiling zf_eeprom.c...
compiling zf_exti.c...
compiling zf_fifo.c...
compiling zf_function.c...
compiling zf_gpio.c...
compiling zf_iic.c...
compiling zf_mdu16.c...
compiling zf_nvic.c...
compiling zf_pwm.c...
compiling zf_spi.c...
compiling zf_tim.c...
compiling zf_uart.c...
compiling SEEKFREE_IMU963RA.c...
compiling SEEKFREE_IPS114_SPI.c...
compiling SEEKFREE_MPU6050.c...
compiling SEEKFREE_OLED.c...
compiling SEEKFREE_PRINTF.c...
compiling SEEKFREE_FONT.c...
Target not created.
Build Time Elapsed:  00:00:03
</pre>
</body>
</html>
